        -:    0:Source:C:/Users/JackyChang/Documents/421A1/src/_test/harness/cash_register_harness.adb
        -:    0:Programs:38
        -:    1:with AUnit.Reporter.Text;
        -:    2:with AUnit.Run;
        -:    3:with CASH_REGISTER_Suite;
        -:    4:
        1:    5:procedure CASH_REGISTER_Harness is
        -:    6:
        -:    7:   procedure Runner is new AUnit.Run.Test_Runner (CASH_REGISTER_Suite.Suite);
        -:    8:
        1:    9:   Reporter : AUnit.Reporter.Text.Text_Reporter;
        -:   10:
        -:   11:begin
        1:   12:   Runner (Reporter);
        1:   13:end CASH_REGISTER_Harness;
