        -:    0:Source:C:/Users/JackyChang/Documents/421A1/src/_test/harness/pump_suite.adb
        -:    0:Programs:34
        -:    1:with PUMP.Test;
        -:    2:
        4:    3:package body PUMP_Suite is
        -:    4:
        -:    5:   use AUnit.Test_Suites;
        -:    6:
        2:    7:   function Suite return AUnit.Test_Suites.Access_Test_Suite is
        -:    8:
        4:    9:      TS_Ptr : constant Access_Test_Suite := new Test_Suite;
        -:   10:   begin
        -:   11:
        4:   12:      TS_Ptr.Add_Test (new PUMP.Test.TC) ;
        -:   13:
        2:   14:      return TS_Ptr;
        -:   15:
        -:   16:   end Suite;
        -:   17:
        2:   18:end PUMP_Suite;
