        -:    0:Source:C:/Users/JackyChang/Documents/421A1/src/sprint.adb
        -:    0:Programs:38
        -:    1:with Ada.Text_IO; use Ada.Text_IO;
        -:    2:with PUMP;
        -:    3:package body sPrint is
       26:    4:   procedure print(s: in String) is
        -:    5:   begin
       26:    6:      if s = "" then
        2:    7:         New_Line;
        -:    8:      else
       24:    9:         Put_Line(s);
        -:   10:      end if;
       26:   11:   end print;
        -:   12:
       16:   13:   procedure print_float_type(s1: in String; s2: in PUMP.FLOAT_NUMBER) is
        -:   14:   begin
       16:   15:      Put_Line(s1 & s2'Image);
       16:   16:   end print_float_type;
        -:   17:
       24:   18:   procedure print_state_type(s1: in String; s2: in PUMP.STATE_TYPE) is
        -:   19:   begin
       24:   20:      Put_Line(s1 &"  "& s2'Image);
       24:   21:   end print_state_type;
        -:   22:
       22:   23:   procedure print_nozzle_type(s1: in String; s2: in PUMP.NOZZLE_TYPE) is
        -:   24:   begin
       22:   25:      Put_Line(s1 &"   "& s2'Image);
       22:   26:   end print_nozzle_type;
        -:   27:
        2:   28:   procedure print_fuel_type(s1: in String; s2: in PUMP.FUEL_TYPES) is
        -:   29:   begin
        2:   30:      Put_Line(s1 & s2'Image);
        2:   31:   end print_fuel_type;
        -:   32:end sPrint;
